/*C9*/SET SCHEMA PUBLIC
DELETE FROM BUCH WHERE ID=1
DELETE FROM BUCH WHERE ID=2
DELETE FROM BUCH WHERE ID=3
DELETE FROM BUCH WHERE ID=4
COMMIT
DELETE FROM GEBUEHR WHERE USERID=2 AND TEXT='Ersatz verlorenes Buch' AND AMOUNT=500
DELETE FROM GEBUEHR WHERE USERID=2 AND TEXT='\u00dcberziehung' AND AMOUNT=100
DELETE FROM GEBUEHR WHERE USERID=3 AND TEXT='\u00dcberziehung' AND AMOUNT=200
COMMIT
DELETE FROM USER WHERE ID=1
DELETE FROM USER WHERE ID=2
DELETE FROM USER WHERE ID=3
DELETE FROM USER WHERE ID=4
COMMIT
INSERT INTO USER VALUES(1,'Adalbert Alt','Normal')
COMMIT
INSERT INTO USER VALUES(2,'Berta Brettschneider','Gesperrt')
COMMIT
INSERT INTO USER VALUES(3,'Charly Corleone','Gesperrt')
COMMIT
INSERT INTO USER VALUES(4,'Daniela Dornhagen','Normal')
COMMIT
INSERT INTO GEBUEHR VALUES(2,'Ersatz verlorenes Buch',500)
COMMIT
INSERT INTO GEBUEHR VALUES(2,'\u00dcberziehung',100)
COMMIT
INSERT INTO GEBUEHR VALUES(3,'\u00dcberziehung',200)
COMMIT
INSERT INTO BUCH VALUES(1,'Karl Kaos','Lost and Found','Verloren')
COMMIT
INSERT INTO BUCH VALUES(2,'Lars Lehmann','Herr L.','Frei')
COMMIT
INSERT INTO BUCH VALUES(3,'Malte Mohn','Klatsch','Ausgeliehen')
COMMIT
DISCONNECT
/*C10*/SET SCHEMA PUBLIC
DISCONNECT
/*C11*/SET SCHEMA PUBLIC
INSERT INTO BUCH VALUES(4,'Max Muster','Das Blaue','Frei')
COMMIT
DISCONNECT
